<?xml version="1.0" encoding="UTF-8"?>
<!-- Generated by org.testng.reporters.JUnitReportReporter -->
<testsuite hostname="PRINHYLTPAP0932.local" name="Tests.SampleTest" tests="1" failures="0" timestamp="11 May 2016 10:35:35 GMT" time="50.607" errors="0">
  <testcase name="test" time="50.607" classname="Tests.SampleTest"/>
</testsuite> <!-- Tests.SampleTest -->
